<?xml version="1.0" encoding="UTF-8"?>
<!-- Generated by org.testng.reporters.JUnitReportReporter -->
<testsuite skipped="0" hostname="DESKTOP-E5DK8JO" name="Dmitry.CrossBrowserScript" tests="1" failures="0" timestamp="12 Jul 2017 14:31:33 GMT" time="1.869" errors="0">
  <testcase name="testParameterWithXML" time="1.869" classname="Dmitry.CrossBrowserScript"/>
</testsuite> <!-- Dmitry.CrossBrowserScript -->
