<?xml version="1.0" encoding="UTF-8"?>
<!-- Generated by org.testng.reporters.JUnitReportReporter -->
<testsuite skipped="0" hostname="DESKTOP-E5DK8JO" name="Dmitry.SeleniumTest" tests="4" failures="0" timestamp="19 Jul 2017 12:55:51 GMT" time="7.222" errors="0">
  <testcase name="testParameterWithXML" time="0.413" classname="Dmitry.SeleniumTest"/>
  <testcase name="testNavigationBack" time="3.000" classname="Dmitry.SeleniumTest"/>
  <testcase name="testRegisteredPageIsOpened" time="1.184" classname="Dmitry.SeleniumTest"/>
  <testcase name="testUserCanBeRegistered" time="2.625" classname="Dmitry.SeleniumTest"/>
</testsuite> <!-- Dmitry.SeleniumTest -->
